docker :  Image system-main-server Building 
At line:1 char:38
+ ... ion C:\dev\Uni\SEP4\System; docker compose up --build -d 2>&1 | ForEa ...
+                                 ~~~~~~~~~~~~~~~~~~~~~~~~~~~~~~~~~
    + CategoryInfo          : NotSpecified: ( Image system-main-server Building :String) [], RemoteException
    + FullyQualifiedErrorId : NativeCommandError
 
 Image system-ml-server Building 
#1 [internal] load local bake definitions
#1 reading from stdin 995B done
#1 DONE 0.0s

#2 [ml-server internal] load build definition from Dockerfile
#2 transferring dockerfile: 243B 0.0s done
#2 DONE 0.0s

#3 [main-server internal] load build definition from Dockerfile
#3 transferring dockerfile: 358B 0.0s done
#3 DONE 0.1s

#4 [ml-server internal] load metadata for docker.io/library/python:3.12-slim
#4 DONE 0.0s

#5 [ml-server internal] load .dockerignore
#5 transferring context:
#5 transferring context: 66B 0.0s done
#5 DONE 0.1s

#6 [ml-server 1/5] FROM docker.io/library/python:3.12-slim@sha256:46cb7cc2877e60fbd5e21a9ae6115c30ace7a077b9f8772da879e4590c18c2e3
#6 resolve docker.io/library/python:3.12-slim@sha256:46cb7cc2877e60fbd5e21a9ae6115c30ace7a077b9f8772da879e4590c18c2e3 0.0s done
#6 sha256:3fc9d9ab5045181fbd49d1d30a2dbad144172d4c3c141f70117ddb0b918d8357 248B / 248B 0.3s done
#6 sha256:cb8c0a9140ac107575972113eb5fd2e6c3cdddc592371a5ac31c4623dcb13d5d 1.29MB / 1.29MB 4.3s done
#6 sha256:4d873bcef452ab1c054b9a0f25ace04a446c558a7b925aed2fc5bc21533e0f65 12.10MB / 12.10MB 33.0s done
#6 sha256:3531af2bc2a9c8883754652783cf96207d53189db279c9637b7157d034de7ecd 29.78MB / 29.78MB 66.1s done
#6 extracting sha256:3531af2bc2a9c8883754652783cf96207d53189db279c9637b7157d034de7ecd 0.8s done
#6 extracting sha256:cb8c0a9140ac107575972113eb5fd2e6c3cdddc592371a5ac31c4623dcb13d5d 0.1s done
#6 extracting sha256:4d873bcef452ab1c054b9a0f25ace04a446c558a7b925aed2fc5bc21533e0f65 0.4s done
#6 extracting sha256:3fc9d9ab5045181fbd49d1d30a2dbad144172d4c3c141f70117ddb0b918d8357 0.0s done
#6 DONE 67.6s

#7 [ml-server 2/5] WORKDIR /app
#7 DONE 0.2s

#8 [main-server internal] load metadata for mcr.microsoft.com/dotnet/sdk:10.0
#8 DONE 0.1s

#9 [main-server internal] load metadata for mcr.microsoft.com/dotnet/aspnet:10.0
#9 DONE 0.1s

#10 [ml-server internal] load build context
#10 transferring context: 1.44kB done
#10 DONE 0.1s

#11 [ml-server 3/5] COPY requirements.txt .
#11 DONE 0.0s

#12 [main-server stage-1 1/3] FROM mcr.microsoft.com/dotnet/aspnet:10.0@sha256:55e37c7795bfaf6b9cc5d77c155811d9569f529d86e20647704bc1d7dd9741d4
#12 resolve mcr.microsoft.com/dotnet/aspnet:10.0@sha256:55e37c7795bfaf6b9cc5d77c155811d9569f529d86e20647704bc1d7dd9741d4 0.0s done
#12 DONE 0.2s

#13 [main-server build 1/6] FROM mcr.microsoft.com/dotnet/sdk:10.0@sha256:8a90a473da5205a16979de99d2fc20975e922c68304f5c79d564e666dc3982fc
#13 resolve mcr.microsoft.com/dotnet/sdk:10.0@sha256:8a90a473da5205a16979de99d2fc20975e922c68304f5c79d564e666dc3982fc 0.0s done
#13 DONE 0.3s

#14 [main-server stage-1 2/3] WORKDIR /app
#14 DONE 0.3s

#15 [main-server build 2/6] WORKDIR /src
#15 DONE 0.1s

#16 [main-server build 3/6] COPY MainServer.csproj .
#16 DONE 0.0s

#17 [main-server internal] load .dockerignore
#17 transferring context: 86B 0.0s done
#17 DONE 0.1s

#18 [main-server internal] load build context
#18 transferring context: 8.91kB done
#18 DONE 0.0s

#19 [main-server build 4/6] RUN dotnet restore
#19 ...

#20 [ml-server 4/5] RUN pip install --no-cache-dir -r requirements.txt
target ml-server: failed to receive status: rpc error: code = Unavailable desc = error reading from server: EOF

